<?xml version="1.0" encoding="UTF-8"?>
<testng-results ignored="0" total="2" passed="2" failed="0" skipped="0">
  <reporter-output>
  </reporter-output>
  <suite started-at="2023-09-18T16:32:50 IST" name="Suite" finished-at="2023-09-18T16:33:18 IST" duration-ms="27568">
    <groups>
    </groups>
    <test started-at="2023-09-18T16:32:50 IST" name="Test" finished-at="2023-09-18T16:33:18 IST" duration-ms="27568">
      <class name="webauto.SimpleWebAutomation">
        <test-method is-config="true" signature="luanchBrowser()[pri:0, instance:webauto.SimpleWebAutomation@65c7a252]" started-at="2023-09-18T16:32:50 IST" name="luanchBrowser" finished-at="2023-09-18T16:33:11 IST" duration-ms="21054" status="PASS">
          <reporter-output>
          </reporter-output>
        </test-method> <!-- luanchBrowser -->
        <test-method signature="login()[pri:0, instance:webauto.SimpleWebAutomation@65c7a252]" started-at="2023-09-18T16:33:11 IST" name="login" finished-at="2023-09-18T16:33:12 IST" duration-ms="381" status="PASS">
          <reporter-output>
          </reporter-output>
        </test-method> <!-- login -->
        <test-method signature="contanctUs()[pri:1, instance:webauto.SimpleWebAutomation@65c7a252]" started-at="2023-09-18T16:33:12 IST" name="contanctUs" finished-at="2023-09-18T16:33:17 IST" duration-ms="4881" status="PASS">
          <reporter-output>
          </reporter-output>
        </test-method> <!-- contanctUs -->
        <test-method is-config="true" signature="tearDown()[pri:0, instance:webauto.SimpleWebAutomation@65c7a252]" started-at="2023-09-18T16:33:17 IST" name="tearDown" finished-at="2023-09-18T16:33:18 IST" duration-ms="1180" status="PASS">
          <reporter-output>
          </reporter-output>
        </test-method> <!-- tearDown -->
      </class> <!-- webauto.SimpleWebAutomation -->
    </test> <!-- Test -->
  </suite> <!-- Suite -->
</testng-results>
