<?xml version="1.0" encoding="UTF-8"?>
<testsuite xmlns:xsi="http://www.w3.org/2001/XMLSchema-instance" xsi:noNamespaceSchemaLocation="https://maven.apache.org/surefire/maven-surefire-plugin/xsd/surefire-test-report-3.0.xsd" version="3.0" name="TestSuite" time="23.617" tests="2" errors="0" skipped="0" failures="1">
  <properties>
[...]
</properties>
  <testcase name="login" classname="webauto.SimpleWebAutomation" time="1.583">
    <failure message="element click intercepted: Element &lt;input id=&quot;sex-0&quot; name=&quot;sex&quot; style=&quot;font-size:14px;margin-left:0;margin-right:0;margin-top:0;padding:0;vertical-align:baseline&quot; type=&quot;radio&quot; value=&quot;Male&quot;&gt; is not clickable at point (186, 538). Other element would receive the click: &lt;div class=&quot;ezmob-footer ezoic-floating-bottom ezo_ad ezmob-footer-desktop&quot; id=&quot;ezmobfooter&quot;&gt;...&lt;/div&gt;&#10;  (Session info: chrome=117.0.5938.63)&#10;Build info: version: &apos;4.12.1&apos;, revision: &apos;8e34639b11&apos;&#10;System info: os.name: &apos;Windows 10&apos;, os.arch: &apos;amd64&apos;, os.version: &apos;10.0&apos;, java.version: &apos;11.0.13&apos;&#10;Driver info: org.openqa.selenium.chrome.ChromeDriver&#10;Command: [9325f79031b68bfd7c77ee408b617b19, clickElement {id=99913506DC0CCEFC0C302651825BBD6C_element_61}]&#10;Capabilities {acceptInsecureCerts: false, browserName: chrome, browserVersion: 117.0.5938.63, chrome: {chromedriverVersion: 117.0.5938.62 (25a7172909a4..., userDataDir: C:\Program Files (x86)\scop...}, fedcm:accounts: true, goog:chromeOptions: {debuggerAddress: localhost:49618}, networkConnectionEnabled: false, pageLoadStrategy: normal, platformName: windows, proxy: Proxy(), se:cdp: ws://localhost:49618/devtoo..., se:cdpVersion: 117.0.5938.63, setWindowRect: true, strictFileInteractability: false, timeouts: {implicit: 0, pageLoad: 300000, script: 30000}, unhandledPromptBehavior: dismiss and notify, webauthn:extension:credBlob: true, webauthn:extension:largeBlob: true, webauthn:extension:minPinLength: true, webauthn:extension:prf: true, webauthn:virtualAuthenticators: true}&#10;Element: [[ChromeDriver: chrome on windows (9325f79031b68bfd7c77ee408b617b19)] -&gt; xpath: //div/input[1][@name=&apos;sex&apos;]]&#10;Session ID: 9325f79031b68bfd7c77ee408b617b19" type="org.openqa.selenium.ElementClickInterceptedException"><![CDATA[org.openqa.selenium.ElementClickInterceptedException: 
element click intercepted: Element <input id="sex-0" name="sex" style="font-size:14px;margin-left:0;margin-right:0;margin-top:0;padding:0;vertical-align:baseline" type="radio" value="Male"> is not clickable at point (186, 538). Other element would receive the click: <div class="ezmob-footer ezoic-floating-bottom ezo_ad ezmob-footer-desktop" id="ezmobfooter">...</div>
  (Session info: chrome=117.0.5938.63)
Build info: version: '4.12.1', revision: '8e34639b11'
System info: os.name: 'Windows 10', os.arch: 'amd64', os.version: '10.0', java.version: '11.0.13'
Driver info: org.openqa.selenium.chrome.ChromeDriver
Command: [9325f79031b68bfd7c77ee408b617b19, clickElement {id=99913506DC0CCEFC0C302651825BBD6C_element_61}]
Capabilities {acceptInsecureCerts: false, browserName: chrome, browserVersion: 117.0.5938.63, chrome: {chromedriverVersion: 117.0.5938.62 (25a7172909a4..., userDataDir: C:\Program Files (x86)\scop...}, fedcm:accounts: true, goog:chromeOptions: {debuggerAddress: localhost:49618}, networkConnectionEnabled: false, pageLoadStrategy: normal, platformName: windows, proxy: Proxy(), se:cdp: ws://localhost:49618/devtoo..., se:cdpVersion: 117.0.5938.63, setWindowRect: true, strictFileInteractability: false, timeouts: {implicit: 0, pageLoad: 300000, script: 30000}, unhandledPromptBehavior: dismiss and notify, webauthn:extension:credBlob: true, webauthn:extension:largeBlob: true, webauthn:extension:minPinLength: true, webauthn:extension:prf: true, webauthn:virtualAuthenticators: true}
Element: [[ChromeDriver: chrome on windows (9325f79031b68bfd7c77ee408b617b19)] -> xpath: //div/input[1][@name='sex']]
Session ID: 9325f79031b68bfd7c77ee408b617b19
	at webauto.SimpleWebAutomation.login(SimpleWebAutomation.java:38)
]]></failure>
    <system-err><![CDATA[SLF4J: Failed to load class "org.slf4j.impl.StaticLoggerBinder".
SLF4J: Defaulting to no-operation (NOP) logger implementation
SLF4J: See http://www.slf4j.org/codes.html#StaticLoggerBinder for further details.
Sep 17, 2023 10:43:46 AM org.openqa.selenium.devtools.CdpVersionFinder findNearestMatch
WARNING: Unable to find an exact match for CDP version 117, so returning the closest version found: 116
]]></system-err>
  </testcase>
  <testcase name="contanctUs" classname="webauto.SimpleWebAutomation" time="3.932"/>
</testsuite>