<?xml version="1.0" encoding="UTF-8"?>
<testng-results ignored="1" total="2" passed="1" failed="0" skipped="0">
  <reporter-output>
  </reporter-output>
  <suite started-at="2023-09-15T15:42:37 IST" name="Failed suite [Failed suite [Default suite]]" finished-at="2023-09-15T15:43:08 IST" duration-ms="31406">
    <groups>
    </groups>
    <test started-at="2023-09-15T15:42:37 IST" name="Default test(failed)(failed)" finished-at="2023-09-15T15:43:08 IST" duration-ms="31406">
      <class name="webauto.SimpleWebAutomation">
        <test-method is-config="true" signature="luanchBrowser()[pri:0, instance:webauto.SimpleWebAutomation@54a7079e]" started-at="2023-09-15T15:42:37 IST" name="luanchBrowser" finished-at="2023-09-15T15:43:07 IST" duration-ms="30754" status="PASS">
          <reporter-output>
          </reporter-output>
        </test-method> <!-- luanchBrowser -->
        <test-method signature="contanctUs()[pri:1, instance:webauto.SimpleWebAutomation@54a7079e]" started-at="2023-09-15T15:43:07 IST" name="contanctUs" finished-at="2023-09-15T15:43:07 IST" duration-ms="76" status="PASS">
          <reporter-output>
          </reporter-output>
        </test-method> <!-- contanctUs -->
        <test-method is-config="true" signature="tearDown()[pri:0, instance:webauto.SimpleWebAutomation@54a7079e]" started-at="2023-09-15T15:43:07 IST" name="tearDown" finished-at="2023-09-15T15:43:08 IST" duration-ms="549" status="PASS">
          <reporter-output>
          </reporter-output>
        </test-method> <!-- tearDown -->
      </class> <!-- webauto.SimpleWebAutomation -->
    </test> <!-- Default test(failed)(failed) -->
  </suite> <!-- Failed suite [Failed suite [Default suite]] -->
</testng-results>
