<?xml version="1.0" encoding="UTF-8"?>
<!-- Generated by org.testng.reporters.JUnitXMLReporter -->
<testsuite ignored="1" hostname="C_Name" failures="0" tests="1" name="Default test(failed)(failed)" time="31.406" errors="0" timestamp="2023-09-15T15:43:08 IST">
  <testcase classname="webauto.SimpleWebAutomation" name="contanctUs" time="0.076"/>
  <testcase classname="webauto.SimpleWebAutomation" name="login" time="0.0">
    <ignored/>
  </testcase> <!-- login -->
</testsuite> <!-- Default test(failed)(failed) -->
