<?xml version="1.0" encoding="UTF-8"?>
<!-- Generated by org.testng.reporters.JUnitXMLReporter -->
<testsuite ignored="0" hostname="C_Name" failures="1" tests="2" name="Test" time="22.455" errors="0" timestamp="2023-09-17T10:44:06 IST">
  <testcase classname="webauto.SimpleWebAutomation" name="login" time="1.56">
    <failure type="org.openqa.selenium.ElementClickInterceptedException" message="element click intercepted: Element &amp;lt;input id=&amp;quot;sex-0&amp;quot; name=&amp;quot;sex&amp;quot; style=&amp;quot;font-size:14px;margin-left:0;margin-right:0;margin-top:0;padding:0;vertical-align:baseline&amp;quot; type=&amp;quot;radio&amp;quot; value=&amp;quot;Male&amp;quot;&amp;gt; is not clickable at point (186, 538). Other element would receive the click: &amp;lt;div class=&amp;quot;ezmob-footer ezoic-floating-bottom ezo_ad ezmob-footer-desktop&amp;quot; id=&amp;quot;ezmobfooter&amp;quot;&amp;gt;...&amp;lt;/div&amp;gt;
  (Session info: chrome=117.0.5938.63)
Build info: version: &amp;apos;4.12.1&amp;apos;, revision: &amp;apos;8e34639b11&amp;apos;
System info: os.name: &amp;apos;Windows 10&amp;apos;, os.arch: &amp;apos;amd64&amp;apos;, os.version: &amp;apos;10.0&amp;apos;, java.version: &amp;apos;11.0.13&amp;apos;
Driver info: org.openqa.selenium.chrome.ChromeDriver
Command: [9325f79031b68bfd7c77ee408b617b19, clickElement {id=99913506DC0CCEFC0C302651825BBD6C_element_61}]
Capabilities {acceptInsecureCerts: false, browserName: chrome, browserVersion: 117.0.5938.63, chrome: {chromedriverVersion: 117.0.5938.62 (25a7172909a4..., userDataDir: C:\Program Files (x86)\scop...}, fedcm:accounts: true, goog:chromeOptions: {debuggerAddress: localhost:49618}, networkConnectionEnabled: false, pageLoadStrategy: normal, platformName: windows, proxy: Proxy(), se:cdp: ws://localhost:49618/devtoo..., se:cdpVersion: 117.0.5938.63, setWindowRect: true, strictFileInteractability: false, timeouts: {implicit: 0, pageLoad: 300000, script: 30000}, unhandledPromptBehavior: dismiss and notify, webauthn:extension:credBlob: true, webauthn:extension:largeBlob: true, webauthn:extension:minPinLength: true, webauthn:extension:prf: true, webauthn:virtualAuthenticators: true}
Element: [[ChromeDriver: chrome on windows (9325f79031b68bfd7c77ee408b617b19)] -&amp;gt; xpath: //div/input[1][@name=&amp;apos;sex&amp;apos;]]
Session ID: 9325f79031b68bfd7c77ee408b617b19">
      <![CDATA[org.openqa.selenium.ElementClickInterceptedException: element click intercepted: Element <input id="sex-0" name="sex" style="font-size:14px;margin-left:0;margin-right:0;margin-top:0;padding:0;vertical-align:baseline" type="radio" value="Male"> is not clickable at point (186, 538). Other element would receive the click: <div class="ezmob-footer ezoic-floating-bottom ezo_ad ezmob-footer-desktop" id="ezmobfooter">...</div>
  (Session info: chrome=117.0.5938.63)
Build info: version: '4.12.1', revision: '8e34639b11'
System info: os.name: 'Windows 10', os.arch: 'amd64', os.version: '10.0', java.version: '11.0.13'
Driver info: org.openqa.selenium.chrome.ChromeDriver
Command: [9325f79031b68bfd7c77ee408b617b19, clickElement {id=99913506DC0CCEFC0C302651825BBD6C_element_61}]
Capabilities {acceptInsecureCerts: false, browserName: chrome, browserVersion: 117.0.5938.63, chrome: {chromedriverVersion: 117.0.5938.62 (25a7172909a4..., userDataDir: C:\Program Files (x86)\scop...}, fedcm:accounts: true, goog:chromeOptions: {debuggerAddress: localhost:49618}, networkConnectionEnabled: false, pageLoadStrategy: normal, platformName: windows, proxy: Proxy(), se:cdp: ws://localhost:49618/devtoo..., se:cdpVersion: 117.0.5938.63, setWindowRect: true, strictFileInteractability: false, timeouts: {implicit: 0, pageLoad: 300000, script: 30000}, unhandledPromptBehavior: dismiss and notify, webauthn:extension:credBlob: true, webauthn:extension:largeBlob: true, webauthn:extension:minPinLength: true, webauthn:extension:prf: true, webauthn:virtualAuthenticators: true}
Element: [[ChromeDriver: chrome on windows (9325f79031b68bfd7c77ee408b617b19)] -> xpath: //div/input[1][@name='sex']]
Session ID: 9325f79031b68bfd7c77ee408b617b19
at org.openqa.selenium.remote.codec.w3c.W3CHttpResponseCodec.createException(W3CHttpResponseCodec.java:200)
at org.openqa.selenium.remote.codec.w3c.W3CHttpResponseCodec.decode(W3CHttpResponseCodec.java:133)
at org.openqa.selenium.remote.codec.w3c.W3CHttpResponseCodec.decode(W3CHttpResponseCodec.java:52)
at org.openqa.selenium.remote.HttpCommandExecutor.execute(HttpCommandExecutor.java:191)
at org.openqa.selenium.remote.service.DriverCommandExecutor.invokeExecute(DriverCommandExecutor.java:196)
at org.openqa.selenium.remote.service.DriverCommandExecutor.execute(DriverCommandExecutor.java:171)
at org.openqa.selenium.remote.RemoteWebDriver.execute(RemoteWebDriver.java:602)
at org.openqa.selenium.remote.RemoteWebElement.execute(RemoteWebElement.java:224)
at org.openqa.selenium.remote.RemoteWebElement.click(RemoteWebElement.java:77)
at webauto.SimpleWebAutomation.login(SimpleWebAutomation.java:38)
at java.base/java.util.ArrayList.forEach(ArrayList.java:1541)
... Removed 35 stack frames]]>
    </failure>
  </testcase> <!-- login -->
  <testcase classname="webauto.SimpleWebAutomation" name="contanctUs" time="3.938"/>
</testsuite> <!-- Test -->
